main: inicio
                    Pung: inicio
                    Pung: 0
                Pong: inicio
                Pong: 0
            Ping: inicio
            Ping: 0
        Peng: inicio
        Peng: 0
    Pang: inicio
    Pang: 0
    Pang: 1
                    Pung: 1
        Peng: 1
                Pong: 1
            Ping: 1
    Pang: 2
                Pong: 2
        Peng: 2
                    Pung: 2
            Ping: 2
    Pang: 3
                Pong: 3
        Peng: 3
                    Pung: 3
            Ping: 3
        Peng: 4
    Pang: 4
                    Pung: 4
                Pong: 4
            Ping: 4
        Peng: 5
                Pong: 5
    Pang: 5
                    Pung: 5
            Ping: 5
        Peng: 6
                Pong: 6
    Pang: 6
                    Pung: 6
            Ping: 6
        Peng: 7
                Pong: 7
    Pang: 7
                    Pung: 7
            Ping: 7
        Peng: 8
                Pong: 8
    Pang: 8
                    Pung: 8
            Ping: 8
        Peng: 9
                Pong: 9
    Pang: 9
                    Pung: 9
            Ping: 9
        Peng: fim
                Pong: fim
    Pang: fim
                    Pung: fim
            Ping: fim
main: fim
